<?xml version="1.0" encoding="UTF-8"?>
<testng-results skipped="0" failed="0" ignored="0" total="1" passed="1">
  <reporter-output>
  </reporter-output>
  <suite name="Default suite" duration-ms="6260" started-at="2020-01-08T19:01:32Z" finished-at="2020-01-08T19:01:38Z">
    <groups>
    </groups>
    <test name="Default test" duration-ms="6260" started-at="2020-01-08T19:01:32Z" finished-at="2020-01-08T19:01:38Z">
      <class name="PostandDeleteReq">
        <test-method status="PASS" signature="Integrate()[pri:0, instance:PostandDeleteReq@4bec1f0c]" name="Integrate" duration-ms="6175" started-at="2020-01-08T19:01:32Z" finished-at="2020-01-08T19:01:38Z">
          <reporter-output>
          </reporter-output>
        </test-method> <!-- Integrate -->
      </class> <!-- PostandDeleteReq -->
    </test> <!-- Default test -->
  </suite> <!-- Default suite -->
</testng-results>
